#
# There is insufficient memory for the Java Runtime Environment to continue.
# Native memory allocation (malloc) failed to allocate 1048576 bytes for AllocateHeap
# Possible reasons:
#   The system is out of physical RAM or swap space
#   The process is running with CompressedOops enabled, and the Java Heap may be blocking the growth of the native heap
# Possible solutions:
#   Reduce memory load on the system
#   Increase physical memory or swap space
#   Check if swap backing store is full
#   Decrease Java heap size (-Xmx/-Xms)
#   Decrease number of Java threads
#   Decrease Java thread stack sizes (-Xss)
#   Set larger code cache with -XX:ReservedCodeCacheSize=
#   JVM is running with Unscaled Compressed Oops mode in which the Java heap is
#     placed in the first 4GB address space. The Java Heap base address is the
#     maximum limit for the native heap growth. Please use -XX:HeapBaseMinAddress
#     to set the Java Heap base and to place the Java Heap above 4GB virtual address.
# This output file may be truncated or incomplete.
#
#  Out of Memory Error (allocation.cpp:44), pid=14572, tid=22728
#
# JRE version:  (17.0.1+12) (build )
# Java VM: OpenJDK 64-Bit Server VM (17.0.1+12, mixed mode, sharing, tiered, compressed oops, compressed class ptrs, g1 gc, windows-amd64)
# No core dump will be written. Minidumps are not enabled by default on client versions of Windows
#

---------------  S U M M A R Y ------------

Command Line: -Dfile.encoding=Cp1252 -XX:+ShowCodeDetailsInExceptionMessages Array_example

Host: Intel(R) Core(TM) i5-8250U CPU @ 1.60GHz, 8 cores, 3G,  Windows 10 , 64 bit Build 19041 (10.0.19041.1566)
Time: Wed Mar 16 11:45:59 2022 India Standard Time elapsed time: 0.039613 seconds (0d 0h 0m 0s)

---------------  T H R E A D  ---------------

Current thread (0x000001e92327b660):  JavaThread "Unknown thread" [_thread_in_vm, id=22728, stack(0x000000c83ee00000,0x000000c83ef00000)]

Stack: [0x000000c83ee00000,0x000000c83ef00000]
Native frames: (J=compiled Java code, j=interpreted, Vv=VM code, C=native code)
V  [jvm.dll+0x6744da]
V  [jvm.dll+0x82e144]
V  [jvm.dll+0x82f8ee]
V  [jvm.dll+0x82ff53]
V  [jvm.dll+0x245175]
V  [jvm.dll+0xa5e73]
V  [jvm.dll+0x2e3c47]
V  [jvm.dll+0x2dbabb]
V  [jvm.dll+0x7ffdf1]
V  [jvm.dll+0x368c91]
V  [jvm.dll+0x7df2cc]
V  [jvm.dll+0x3eb59f]
V  [jvm.dll+0x3ed121]
C  [jli.dll+0x5277]
C  [ucrtbase.dll+0x21bb2]
C  [KERNEL32.DLL+0x17034]
C  [ntdll.dll+0x52651]


---------------  P R O C E S S  ---------------

Threads class SMR info:
_java_thread_list=0x00007ff8cb5b4e58, length=0, elements={
}

Java Threads: ( => current thread )

Other Threads:
  0x000001e9232a93c0 GCTaskThread "GC Thread#0" [stack: 0x000000c83ef00000,0x000000c83f000000] [id=12456]

[error occurred during error reporting (printing all threads), id 0xc0000005, EXCEPTION_ACCESS_VIOLATION (0xc0000005) at pc=0x00007ff8cad88bd0]

VM state: not at safepoint (not fully initialized)

VM Mutex/Monitor currently owned by a thread:  ([mutex/lock_event])
[0x000001e9232752e0] Heap_lock - owner thread: 0x000001e92327b660

Heap address: 0x00000000c1400000, size: 1004 MB, Compressed Oops mode: 32-bit

CDS archive(s) mapped at: [0x0000000000000000-0x0000000000000000-0x0000000000000000), size 0, SharedBaseAddress: 0x0000000800000000, ArchiveRelocationMode: 0.
Narrow klass base: 0x0000000000000000, Narrow klass shift: 0, Narrow klass range: 0x0

GC Precious Log:
<Empty>

Heap:
 garbage-first heap   total 0K, used 0K [0x00000000c1400000, 0x0000000100000000)
  region size 1024K, 0 young (0K), 0 survivors (0K)

[error occurred during error reporting (printing heap information), id 0xc0000005, EXCEPTION_ACCESS_VIOLATION (0xc0000005) at pc=0x00007ff8cb16d729]

GC Heap History (0 events):
No events

Deoptimization events (0 events):
No events

Classes unloaded (0 events):
No events

Classes redefined (0 events):
No events

Internal exceptions (0 events):
No events

VM Operations (0 events):
No events

Events (1 events):
Event: 0.018 Loaded shared library C:\Users\HP\.p2\pool\plugins\org.eclipse.justj.openjdk.hotspot.jre.full.win32.x86_64_17.0.1.v20211116-1657\jre\bin\java.dll


Dynamic libraries:
0x00007ff6f6470000 - 0x00007ff6f647e000 	C:\Users\HP\.p2\pool\plugins\org.eclipse.justj.openjdk.hotspot.jre.full.win32.x86_64_17.0.1.v20211116-1657\jre\bin\javaw.exe
0x00007ff9472d0000 - 0x00007ff9474c5000 	C:\WINDOWS\SYSTEM32\ntdll.dll
0x00007ff945970000 - 0x00007ff945a2e000 	C:\WINDOWS\System32\KERNEL32.DLL
0x00007ff944ba0000 - 0x00007ff944e68000 	C:\WINDOWS\System32\KERNELBASE.dll
0x00007ff944f30000 - 0x00007ff945030000 	C:\WINDOWS\System32\ucrtbase.dll
0x00007ff932cc0000 - 0x00007ff932cd9000 	C:\Users\HP\.p2\pool\plugins\org.eclipse.justj.openjdk.hotspot.jre.full.win32.x86_64_17.0.1.v20211116-1657\jre\bin\VCRUNTIME140.dll
0x00007ff93dfa0000 - 0x00007ff93dfb8000 	C:\Users\HP\.p2\pool\plugins\org.eclipse.justj.openjdk.hotspot.jre.full.win32.x86_64_17.0.1.v20211116-1657\jre\bin\jli.dll
0x00007ff945430000 - 0x00007ff9455d0000 	C:\WINDOWS\System32\USER32.dll
0x00007ff943da0000 - 0x00007ff94403a000 	C:\WINDOWS\WinSxS\amd64_microsoft.windows.common-controls_6595b64144ccf1df_6.0.19041.1110_none_60b5254171f9507e\COMCTL32.dll
0x00007ff944f00000 - 0x00007ff944f22000 	C:\WINDOWS\System32\win32u.dll
0x00007ff945390000 - 0x00007ff94542e000 	C:\WINDOWS\System32\msvcrt.dll
0x00007ff945b90000 - 0x00007ff945bbb000 	C:\WINDOWS\System32\GDI32.dll
0x00007ff944a90000 - 0x00007ff944b9b000 	C:\WINDOWS\System32\gdi32full.dll
0x00007ff945030000 - 0x00007ff9450cd000 	C:\WINDOWS\System32\msvcp_win.dll
0x00007ff946df0000 - 0x00007ff946e20000 	C:\WINDOWS\System32\IMM32.DLL
0x00007ff942b40000 - 0x00007ff942b4c000 	C:\Users\HP\.p2\pool\plugins\org.eclipse.justj.openjdk.hotspot.jre.full.win32.x86_64_17.0.1.v20211116-1657\jre\bin\vcruntime140_1.dll
0x00007ff914960000 - 0x00007ff9149f1000 	C:\Users\HP\.p2\pool\plugins\org.eclipse.justj.openjdk.hotspot.jre.full.win32.x86_64_17.0.1.v20211116-1657\jre\bin\msvcp140.dll
0x00007ff8caaa0000 - 0x00007ff8cb6e6000 	C:\Users\HP\.p2\pool\plugins\org.eclipse.justj.openjdk.hotspot.jre.full.win32.x86_64_17.0.1.v20211116-1657\jre\bin\server\jvm.dll
0x00007ff945a30000 - 0x00007ff945ade000 	C:\WINDOWS\System32\ADVAPI32.dll
0x00007ff9460e0000 - 0x00007ff94617c000 	C:\WINDOWS\System32\sechost.dll
0x00007ff9455d0000 - 0x00007ff9456f5000 	C:\WINDOWS\System32\RPCRT4.dll
0x00007ff945960000 - 0x00007ff945968000 	C:\WINDOWS\System32\PSAPI.DLL
0x00007ff92b050000 - 0x00007ff92b077000 	C:\WINDOWS\SYSTEM32\WINMM.dll
0x00007ff92af70000 - 0x00007ff92af79000 	C:\WINDOWS\SYSTEM32\WSOCK32.dll
0x00007ff93c9c0000 - 0x00007ff93c9ca000 	C:\WINDOWS\SYSTEM32\VERSION.dll
0x00007ff946d00000 - 0x00007ff946d6b000 	C:\WINDOWS\System32\WS2_32.dll
0x00007ff942530000 - 0x00007ff942542000 	C:\WINDOWS\SYSTEM32\kernel.appcore.dll
0x00007ff942ba0000 - 0x00007ff942baa000 	C:\Users\HP\.p2\pool\plugins\org.eclipse.justj.openjdk.hotspot.jre.full.win32.x86_64_17.0.1.v20211116-1657\jre\bin\jimage.dll
0x00007ff944310000 - 0x00007ff9444f4000 	C:\WINDOWS\SYSTEM32\DBGHELP.DLL
0x00007ff9442e0000 - 0x00007ff94430c000 	C:\WINDOWS\SYSTEM32\dbgcore.DLL
0x00007ff944e70000 - 0x00007ff944ef2000 	C:\WINDOWS\System32\bcryptPrimitives.dll
0x00007ff93e220000 - 0x00007ff93e245000 	C:\Users\HP\.p2\pool\plugins\org.eclipse.justj.openjdk.hotspot.jre.full.win32.x86_64_17.0.1.v20211116-1657\jre\bin\java.dll

dbghelp: loaded successfully - version: 4.0.5 - missing functions: none
symbol engine: initialized successfully - sym options: 0x614 - pdb path: .;C:\Users\HP\.p2\pool\plugins\org.eclipse.justj.openjdk.hotspot.jre.full.win32.x86_64_17.0.1.v20211116-1657\jre\bin;C:\WINDOWS\SYSTEM32;C:\WINDOWS\WinSxS\amd64_microsoft.windows.common-controls_6595b64144ccf1df_6.0.19041.1110_none_60b5254171f9507e;C:\Users\HP\.p2\pool\plugins\org.eclipse.justj.openjdk.hotspot.jre.full.win32.x86_64_17.0.1.v20211116-1657\jre\bin\server

VM Arguments:
jvm_args: -Dfile.encoding=Cp1252 -XX:+ShowCodeDetailsInExceptionMessages 
java_command: Array_example
java_class_path (initial): E:\AdvanceTraining\Problem_statement2.3\bin
Launcher Type: SUN_STANDARD

[Global flags]
     intx CICompilerCount                          = 4                                         {product} {ergonomic}
     uint ConcGCThreads                            = 2                                         {product} {ergonomic}
     uint G1ConcRefinementThreads                  = 8                                         {product} {ergonomic}
   size_t G1HeapRegionSize                         = 1048576                                   {product} {ergonomic}
    uintx GCDrainStackTargetSize                   = 64                                        {product} {ergonomic}
   size_t InitialHeapSize                          = 67108864                                  {product} {ergonomic}
   size_t MarkStackSize                            = 4194304                                   {product} {ergonomic}
   size_t MaxHeapSize                              = 1052770304                                {product} {ergonomic}
   size_t MinHeapDeltaBytes                        = 1048576                                   {product} {ergonomic}
   size_t MinHeapSize                              = 8388608                                   {product} {ergonomic}
    uintx NonNMethodCodeHeapSize                   = 5839372                                {pd product} {ergonomic}
    uintx NonProfiledCodeHeapSize                  = 122909434                              {pd product} {ergonomic}
    uintx ProfiledCodeHeapSize                     = 122909434                              {pd product} {ergonomic}
    uintx ReservedCodeCacheSize                    = 251658240                              {pd product} {ergonomic}
     bool SegmentedCodeCache                       = true                                      {product} {ergonomic}
     bool ShowCodeDetailsInExceptionMessages       = true                                   {manageable} {command line}
   size_t SoftMaxHeapSize                          = 1052770304                             {manageable} {ergonomic}
     bool UseCompressedClassPointers               = true                           {product lp64_product} {ergonomic}
     bool UseCompressedOops                        = true                           {product lp64_product} {ergonomic}
     bool UseG1GC                                  = true                                      {product} {ergonomic}
     bool UseLargePagesIndividualAllocation        = false                                  {pd product} {ergonomic}

Logging:
Log output configuration:
 #0: stdout all=warning uptime,level,tags
 #1: stderr all=off uptime,level,tags

Environment Variables:
PATH=C:/Users/HP/.p2/pool/plugins/org.eclipse.justj.openjdk.hotspot.jre.full.win32.x86_64_17.0.1.v20211116-1657/jre/bin/server;C:/Users/HP/.p2/pool/plugins/org.eclipse.justj.openjdk.hotspot.jre.full.win32.x86_64_17.0.1.v20211116-1657/jre/bin;C:\Python310\Scripts\;C:\Python310\;C:\oraclexe\app\oracle\product\10.2.0\server\bin;C:\WINDOWS\system32;C:\WINDOWS;C:\WINDOWS\System32\Wbem;C:\WINDOWS\System32\WindowsPowerShell\v1.0\;C:\WINDOWS\System32\OpenSSH\;C:\Program Files\Git\cmd;C:\Program Files\MySQL\MySQL Shell 8.0\bin;E:\Node\;C:\ProgramData\chocolatey\bin;C:\Program Files\Docker\Docker\resources\bin;C:\ProgramData\DockerDesktop\version-bin;C:\Program Files\Java\jdk1.8.0_311\bin;E:\apache-maven-3.8.4\bin;C:\Program Files\MySQL\MySQL Shell 8.0\bin\;C:\Users\HP\AppData\Local\Microsoft\WindowsApps;;E:\Visual Studio\Microsoft VS Code\bin;C:\Users\HP\AppData\Roaming\npm;C:\WINDOWS\System32;
USERNAME=HP
OS=Windows_NT
PROCESSOR_IDENTIFIER=Intel64 Family 6 Model 142 Stepping 10, GenuineIntel



---------------  S Y S T E M  ---------------

OS:
 Windows 10 , 64 bit Build 19041 (10.0.19041.1566)
OS uptime: 4 days 11:53 hours
Hyper-V role detected

CPU: total 8 (initial active 8) (4 cores per cpu, 2 threads per core) family 6 model 142 stepping 10 microcode 0xb4, cx8, cmov, fxsr, ht, mmx, 3dnowpref, sse, sse2, sse3, ssse3, sse4.1, sse4.2, popcnt, lzcnt, tsc, tscinvbit, avx, avx2, aes, erms, clmul, bmi1, bmi2, adx, fma, vzeroupper, clflush, clflushopt, hv

Memory: 4k page, system-wide physical 4011M (86M free)
TotalPageFile size 16299M (AvailPageFile size 4M)
current process WorkingSet (physical memory assigned to process): 9M, peak: 9M
current process commit charge ("private bytes"): 57M, peak: 58M

vm_info: OpenJDK 64-Bit Server VM (17.0.1+12) for windows-amd64 JRE (17.0.1+12), built on Oct 20 2021 07:42:55 by "" with MS VC++ 16.7 (VS2019)

END.
